*** Starting uWSGI 2.0 (64bit) on [Sat Jan 25 08:26:55 2014] ***
compiled with version: 4.6.3 on 25 January 2014 02:49:01
os: Linux-3.8.0-19-generic #30-Ubuntu SMP Wed May 1 16:35:23 UTC 2013
nodename: bc56cd150947
machine: x86_64
clock source: unix
detected number of CPU cores: 1
current working directory: /
detected binary path: /usr/local/bin/uwsgi
!!! no internal routing support, rebuild with pcre support !!!
uWSGI running as root, you can use --uid/--gid/--chroot options
*** WARNING: you are running uWSGI as root !!! (use the --uid flag) *** 
your processes number limit is 3867
your memory page size is 4096 bytes
detected max file descriptor number: 1024
lock engine: pthread robust mutexes
thunder lock: disabled (you can enable it with --thunder-lock)
uwsgi socket 0 bound to UNIX address /home/webapp/uwsgi.sock fd 3
Python version: 2.7.3 (default, Sep 26 2013, 20:13:52)  [GCC 4.6.3]
*** Python threads support is disabled. You can enable it with --enable-threads ***
Python main interpreter initialized at 0x1e73050
your server socket listen backlog is limited to 100 connections
your mercy for graceful operations on workers is 60 seconds
mapped 145520 bytes (142 KB) for 1 cores
*** Operational MODE: single process ***
ImportError: No module named app
unable to load app 0 (mountpoint='') (callable not found or import error)
Traceback (most recent call last):
  File "/home/webapp/app.py", line 3, in <module>
    from application import create_app
ImportError: No module named application
unable to load app 0 (mountpoint='') (callable not found or import error)
*** no app loaded. going in full dynamic mode ***
*** uWSGI is running in multiple interpreter mode ***
spawned uWSGI master process (pid: 109)
spawned uWSGI worker 1 (pid: 110, cores: 1)
*** Starting uWSGI 2.0 (64bit) on [Sat Jan 25 08:27:23 2014] ***
compiled with version: 4.6.3 on 25 January 2014 02:49:01
os: Linux-3.8.0-19-generic #30-Ubuntu SMP Wed May 1 16:35:23 UTC 2013
nodename: bc56cd150947
machine: x86_64
clock source: unix
detected number of CPU cores: 1
current working directory: /
detected binary path: /usr/local/bin/uwsgi
!!! no internal routing support, rebuild with pcre support !!!
uWSGI running as root, you can use --uid/--gid/--chroot options
*** WARNING: you are running uWSGI as root !!! (use the --uid flag) *** 
your processes number limit is 3867
your memory page size is 4096 bytes
detected max file descriptor number: 1024
lock engine: pthread robust mutexes
thunder lock: disabled (you can enable it with --thunder-lock)
uwsgi socket 0 bound to UNIX address /home/webapp/uwsgi.sock fd 3
Python version: 2.7.3 (default, Sep 26 2013, 20:13:52)  [GCC 4.6.3]
*** Python threads support is disabled. You can enable it with --enable-threads ***
Python main interpreter initialized at 0xc64050
your server socket listen backlog is limited to 100 connections
your mercy for graceful operations on workers is 60 seconds
mapped 145520 bytes (142 KB) for 1 cores
*** Operational MODE: single process ***
ImportError: No module named app
unable to load app 0 (mountpoint='') (callable not found or import error)
Traceback (most recent call last):
  File "/home/webapp/app.py", line 3, in <module>
    from application import create_app
ImportError: No module named application
unable to load app 0 (mountpoint='') (callable not found or import error)
*** no app loaded. going in full dynamic mode ***
*** uWSGI is running in multiple interpreter mode ***
spawned uWSGI master process (pid: 114)
spawned uWSGI worker 1 (pid: 115, cores: 1)
Sat Jan 25 08:28:14 2014 - *** /home/webapp has been touched... grace them all !!! ***
...gracefully killing workers...
Gracefully killing worker 1 (pid: 115)...
worker 1 buried after 1 seconds
binary reloading uWSGI...
chdir() to /
closing all non-uwsgi socket fds > 2 (max_fd = 1024)...
found fd 3 mapped to socket 0 (/home/webapp/uwsgi.sock)
running /usr/local/bin/uwsgi
*** Starting uWSGI 2.0 (64bit) on [Sat Jan 25 08:28:15 2014] ***
compiled with version: 4.6.3 on 25 January 2014 02:49:01
os: Linux-3.8.0-19-generic #30-Ubuntu SMP Wed May 1 16:35:23 UTC 2013
nodename: bc56cd150947
machine: x86_64
clock source: unix
detected number of CPU cores: 1
current working directory: /
detected binary path: /usr/local/bin/uwsgi
!!! no internal routing support, rebuild with pcre support !!!
uWSGI running as root, you can use --uid/--gid/--chroot options
*** WARNING: you are running uWSGI as root !!! (use the --uid flag) *** 
your processes number limit is 3867
your memory page size is 4096 bytes
detected max file descriptor number: 1024
lock engine: pthread robust mutexes
thunder lock: disabled (you can enable it with --thunder-lock)
uwsgi socket 0 inherited UNIX address /home/webapp/uwsgi.sock fd 3
Python version: 2.7.3 (default, Sep 26 2013, 20:13:52)  [GCC 4.6.3]
*** Python threads support is disabled. You can enable it with --enable-threads ***
Python main interpreter initialized at 0x1835f40
your server socket listen backlog is limited to 100 connections
your mercy for graceful operations on workers is 60 seconds
mapped 145520 bytes (142 KB) for 1 cores
*** Operational MODE: single process ***
ImportError: No module named app
unable to load app 0 (mountpoint='') (callable not found or import error)
Traceback (most recent call last):
  File "/home/webapp/app.py", line 3, in <module>
    from application import create_app
ImportError: No module named application
unable to load app 0 (mountpoint='') (callable not found or import error)
*** no app loaded. going in full dynamic mode ***
*** uWSGI is running in multiple interpreter mode ***
gracefully (RE)spawned uWSGI master process (pid: 114)
spawned uWSGI worker 1 (pid: 118, cores: 1)
*** Starting uWSGI 2.0 (64bit) on [Sat Jan 25 08:28:29 2014] ***
compiled with version: 4.6.3 on 25 January 2014 02:49:01
os: Linux-3.8.0-19-generic #30-Ubuntu SMP Wed May 1 16:35:23 UTC 2013
nodename: bc56cd150947
machine: x86_64
clock source: unix
detected number of CPU cores: 1
current working directory: /
detected binary path: /usr/local/bin/uwsgi
!!! no internal routing support, rebuild with pcre support !!!
uWSGI running as root, you can use --uid/--gid/--chroot options
*** WARNING: you are running uWSGI as root !!! (use the --uid flag) *** 
your processes number limit is 3867
your memory page size is 4096 bytes
detected max file descriptor number: 1024
lock engine: pthread robust mutexes
thunder lock: disabled (you can enable it with --thunder-lock)
uwsgi socket 0 bound to UNIX address /home/webapp/uwsgi.sock fd 3
Python version: 2.7.3 (default, Sep 26 2013, 20:13:52)  [GCC 4.6.3]
*** Python threads support is disabled. You can enable it with --enable-threads ***
Python main interpreter initialized at 0xbbc050
your server socket listen backlog is limited to 100 connections
your mercy for graceful operations on workers is 60 seconds
mapped 145520 bytes (142 KB) for 1 cores
*** Operational MODE: single process ***
ImportError: No module named app
unable to load app 0 (mountpoint='') (callable not found or import error)
Traceback (most recent call last):
  File "/home/webapp/app.py", line 3, in <module>
    from application import create_app
ImportError: No module named application
unable to load app 0 (mountpoint='') (callable not found or import error)
*** no app loaded. going in full dynamic mode ***
*** uWSGI is running in multiple interpreter mode ***
spawned uWSGI master process (pid: 121)
spawned uWSGI worker 1 (pid: 122, cores: 1)
Sat Jan 25 08:29:22 2014 - *** /home/webapp has been touched... grace them all !!! ***
...gracefully killing workers...
Gracefully killing worker 1 (pid: 122)...
worker 1 buried after 1 seconds
binary reloading uWSGI...
chdir() to /
closing all non-uwsgi socket fds > 2 (max_fd = 1024)...
found fd 3 mapped to socket 0 (/home/webapp/uwsgi.sock)
running /usr/local/bin/uwsgi
*** Starting uWSGI 2.0 (64bit) on [Sat Jan 25 08:29:23 2014] ***
compiled with version: 4.6.3 on 25 January 2014 02:49:01
os: Linux-3.8.0-19-generic #30-Ubuntu SMP Wed May 1 16:35:23 UTC 2013
nodename: bc56cd150947
machine: x86_64
clock source: unix
detected number of CPU cores: 1
current working directory: /
detected binary path: /usr/local/bin/uwsgi
!!! no internal routing support, rebuild with pcre support !!!
uWSGI running as root, you can use --uid/--gid/--chroot options
*** WARNING: you are running uWSGI as root !!! (use the --uid flag) *** 
your processes number limit is 3867
your memory page size is 4096 bytes
detected max file descriptor number: 1024
lock engine: pthread robust mutexes
thunder lock: disabled (you can enable it with --thunder-lock)
uwsgi socket 0 inherited UNIX address /home/webapp/uwsgi.sock fd 3
Python version: 2.7.3 (default, Sep 26 2013, 20:13:52)  [GCC 4.6.3]
*** Python threads support is disabled. You can enable it with --enable-threads ***
Python main interpreter initialized at 0x12b6f40
your server socket listen backlog is limited to 100 connections
your mercy for graceful operations on workers is 60 seconds
mapped 145520 bytes (142 KB) for 1 cores
*** Operational MODE: single process ***
ImportError: No module named app
unable to load app 0 (mountpoint='') (callable not found or import error)
Traceback (most recent call last):
  File "/home/webapp/app.py", line 3, in <module>
    from application import create_app
ImportError: No module named application
unable to load app 0 (mountpoint='') (callable not found or import error)
*** no app loaded. going in full dynamic mode ***
*** uWSGI is running in multiple interpreter mode ***
gracefully (RE)spawned uWSGI master process (pid: 121)
spawned uWSGI worker 1 (pid: 124, cores: 1)
Sat Jan 25 08:29:30 2014 - *** /home/webapp has been touched... grace them all !!! ***
...gracefully killing workers...
Gracefully killing worker 1 (pid: 124)...
worker 1 buried after 1 seconds
binary reloading uWSGI...
chdir() to /
closing all non-uwsgi socket fds > 2 (max_fd = 1024)...
found fd 3 mapped to socket 0 (/home/webapp/uwsgi.sock)
running /usr/local/bin/uwsgi
*** Starting uWSGI 2.0 (64bit) on [Sat Jan 25 08:29:31 2014] ***
compiled with version: 4.6.3 on 25 January 2014 02:49:01
os: Linux-3.8.0-19-generic #30-Ubuntu SMP Wed May 1 16:35:23 UTC 2013
nodename: bc56cd150947
machine: x86_64
clock source: unix
detected number of CPU cores: 1
current working directory: /
detected binary path: /usr/local/bin/uwsgi
!!! no internal routing support, rebuild with pcre support !!!
uWSGI running as root, you can use --uid/--gid/--chroot options
*** WARNING: you are running uWSGI as root !!! (use the --uid flag) *** 
your processes number limit is 3867
your memory page size is 4096 bytes
detected max file descriptor number: 1024
lock engine: pthread robust mutexes
thunder lock: disabled (you can enable it with --thunder-lock)
uwsgi socket 0 inherited UNIX address /home/webapp/uwsgi.sock fd 3
Python version: 2.7.3 (default, Sep 26 2013, 20:13:52)  [GCC 4.6.3]
*** Python threads support is disabled. You can enable it with --enable-threads ***
Python main interpreter initialized at 0x1ec3f40
your server socket listen backlog is limited to 100 connections
your mercy for graceful operations on workers is 60 seconds
mapped 145520 bytes (142 KB) for 1 cores
*** Operational MODE: single process ***
ImportError: No module named app
unable to load app 0 (mountpoint='') (callable not found or import error)
Traceback (most recent call last):
  File "/home/webapp/app.py", line 3, in <module>
    from webapp.application import create_app
ImportError: No module named webapp.application
unable to load app 0 (mountpoint='') (callable not found or import error)
*** no app loaded. going in full dynamic mode ***
*** uWSGI is running in multiple interpreter mode ***
gracefully (RE)spawned uWSGI master process (pid: 121)
spawned uWSGI worker 1 (pid: 125, cores: 1)
Sat Jan 25 08:31:04 2014 - *** /home/webapp has been touched... grace them all !!! ***
...gracefully killing workers...
Gracefully killing worker 1 (pid: 125)...
worker 1 buried after 1 seconds
binary reloading uWSGI...
chdir() to /
closing all non-uwsgi socket fds > 2 (max_fd = 1024)...
found fd 3 mapped to socket 0 (/home/webapp/uwsgi.sock)
running /usr/local/bin/uwsgi
*** Starting uWSGI 2.0 (64bit) on [Sat Jan 25 08:31:05 2014] ***
compiled with version: 4.6.3 on 25 January 2014 02:49:01
os: Linux-3.8.0-19-generic #30-Ubuntu SMP Wed May 1 16:35:23 UTC 2013
nodename: bc56cd150947
machine: x86_64
clock source: unix
detected number of CPU cores: 1
current working directory: /
detected binary path: /usr/local/bin/uwsgi
!!! no internal routing support, rebuild with pcre support !!!
uWSGI running as root, you can use --uid/--gid/--chroot options
*** WARNING: you are running uWSGI as root !!! (use the --uid flag) *** 
your processes number limit is 3867
your memory page size is 4096 bytes
detected max file descriptor number: 1024
lock engine: pthread robust mutexes
thunder lock: disabled (you can enable it with --thunder-lock)
uwsgi socket 0 inherited UNIX address /home/webapp/uwsgi.sock fd 3
Python version: 2.7.3 (default, Sep 26 2013, 20:13:52)  [GCC 4.6.3]
*** Python threads support is disabled. You can enable it with --enable-threads ***
Python main interpreter initialized at 0x262ff40
your server socket listen backlog is limited to 100 connections
your mercy for graceful operations on workers is 60 seconds
mapped 145520 bytes (142 KB) for 1 cores
*** Operational MODE: single process ***
ImportError: No module named app
unable to load app 0 (mountpoint='') (callable not found or import error)
Traceback (most recent call last):
  File "/home/webapp/app.py", line 3, in <module>
    from application import create_app
ImportError: No module named application
unable to load app 0 (mountpoint='') (callable not found or import error)
*** no app loaded. going in full dynamic mode ***
*** uWSGI is running in multiple interpreter mode ***
gracefully (RE)spawned uWSGI master process (pid: 121)
spawned uWSGI worker 1 (pid: 126, cores: 1)
Sat Jan 25 08:33:57 2014 - *** /home/webapp has been touched... grace them all !!! ***
...gracefully killing workers...
Gracefully killing worker 1 (pid: 126)...
worker 1 buried after 1 seconds
binary reloading uWSGI...
chdir() to /
closing all non-uwsgi socket fds > 2 (max_fd = 1024)...
found fd 3 mapped to socket 0 (/home/webapp/uwsgi.sock)
running /usr/local/bin/uwsgi
*** Starting uWSGI 2.0 (64bit) on [Sat Jan 25 08:33:58 2014] ***
compiled with version: 4.6.3 on 25 January 2014 02:49:01
os: Linux-3.8.0-19-generic #30-Ubuntu SMP Wed May 1 16:35:23 UTC 2013
nodename: bc56cd150947
machine: x86_64
clock source: unix
detected number of CPU cores: 1
current working directory: /
detected binary path: /usr/local/bin/uwsgi
!!! no internal routing support, rebuild with pcre support !!!
uWSGI running as root, you can use --uid/--gid/--chroot options
*** WARNING: you are running uWSGI as root !!! (use the --uid flag) *** 
your processes number limit is 3867
your memory page size is 4096 bytes
detected max file descriptor number: 1024
lock engine: pthread robust mutexes
thunder lock: disabled (you can enable it with --thunder-lock)
uwsgi socket 0 inherited UNIX address /home/webapp/uwsgi.sock fd 3
Python version: 2.7.3 (default, Sep 26 2013, 20:13:52)  [GCC 4.6.3]
*** Python threads support is disabled. You can enable it with --enable-threads ***
Python main interpreter initialized at 0xbb6f40
your server socket listen backlog is limited to 100 connections
your mercy for graceful operations on workers is 60 seconds
mapped 145520 bytes (142 KB) for 1 cores
*** Operational MODE: single process ***
ImportError: No module named app
unable to load app 0 (mountpoint='') (callable not found or import error)
Traceback (most recent call last):
  File "/home/webapp/app.py", line 3, in <module>
    from application import create_app
ImportError: No module named application
unable to load app 0 (mountpoint='') (callable not found or import error)
*** no app loaded. going in full dynamic mode ***
*** uWSGI is running in multiple interpreter mode ***
gracefully (RE)spawned uWSGI master process (pid: 121)
spawned uWSGI worker 1 (pid: 127, cores: 1)
*** Starting uWSGI 2.0 (64bit) on [Sat Jan 25 08:34:37 2014] ***
compiled with version: 4.6.3 on 25 January 2014 02:49:01
os: Linux-3.8.0-19-generic #30-Ubuntu SMP Wed May 1 16:35:23 UTC 2013
nodename: bc56cd150947
machine: x86_64
clock source: unix
detected number of CPU cores: 1
current working directory: /
detected binary path: /usr/local/bin/uwsgi
!!! no internal routing support, rebuild with pcre support !!!
uWSGI running as root, you can use --uid/--gid/--chroot options
*** WARNING: you are running uWSGI as root !!! (use the --uid flag) *** 
your processes number limit is 3867
your memory page size is 4096 bytes
detected max file descriptor number: 1024
lock engine: pthread robust mutexes
thunder lock: disabled (you can enable it with --thunder-lock)
uwsgi socket 0 bound to UNIX address /home/webapp/uwsgi.sock fd 3
Python version: 2.7.3 (default, Sep 26 2013, 20:13:52)  [GCC 4.6.3]
*** Python threads support is disabled. You can enable it with --enable-threads ***
Python main interpreter initialized at 0x1b98140
your server socket listen backlog is limited to 100 connections
your mercy for graceful operations on workers is 60 seconds
mapped 145520 bytes (142 KB) for 1 cores
*** Operational MODE: single process ***
added // to pythonpath.
ImportError: No module named app
unable to load app 0 (mountpoint='') (callable not found or import error)
Traceback (most recent call last):
  File "/home/webapp/app.py", line 3, in <module>
    from application import create_app
ImportError: No module named application
unable to load app 0 (mountpoint='') (callable not found or import error)
*** no app loaded. going in full dynamic mode ***
*** uWSGI is running in multiple interpreter mode ***
spawned uWSGI master process (pid: 131)
spawned uWSGI worker 1 (pid: 132, cores: 1)
*** Starting uWSGI 2.0 (64bit) on [Sat Jan 25 08:35:04 2014] ***
compiled with version: 4.6.3 on 25 January 2014 02:49:01
os: Linux-3.8.0-19-generic #30-Ubuntu SMP Wed May 1 16:35:23 UTC 2013
nodename: bc56cd150947
machine: x86_64
clock source: unix
detected number of CPU cores: 1
current working directory: /
detected binary path: /usr/local/bin/uwsgi
!!! no internal routing support, rebuild with pcre support !!!
uWSGI running as root, you can use --uid/--gid/--chroot options
*** WARNING: you are running uWSGI as root !!! (use the --uid flag) *** 
your processes number limit is 3867
your memory page size is 4096 bytes
detected max file descriptor number: 1024
lock engine: pthread robust mutexes
thunder lock: disabled (you can enable it with --thunder-lock)
uwsgi socket 0 bound to UNIX address /home/webapp/uwsgi.sock fd 3
Python version: 2.7.3 (default, Sep 26 2013, 20:13:52)  [GCC 4.6.3]
*** Python threads support is disabled. You can enable it with --enable-threads ***
Python main interpreter initialized at 0x1ad2140
your server socket listen backlog is limited to 100 connections
your mercy for graceful operations on workers is 60 seconds
mapped 145520 bytes (142 KB) for 1 cores
*** Operational MODE: single process ***
added // to pythonpath.
ImportError: No module named app
unable to load app 0 (mountpoint='') (callable not found or import error)
Traceback (most recent call last):
  File "/home/webapp/app.py", line 3, in <module>
    from application import create_app
ImportError: No module named application
unable to load app 0 (mountpoint='') (callable not found or import error)
*** no app loaded. going in full dynamic mode ***
*** uWSGI is running in multiple interpreter mode ***
spawned uWSGI master process (pid: 135)
spawned uWSGI worker 1 (pid: 136, cores: 1)
*** Starting uWSGI 2.0 (64bit) on [Sat Jan 25 08:35:53 2014] ***
compiled with version: 4.6.3 on 25 January 2014 02:49:01
os: Linux-3.8.0-19-generic #30-Ubuntu SMP Wed May 1 16:35:23 UTC 2013
nodename: bc56cd150947
machine: x86_64
clock source: unix
detected number of CPU cores: 1
current working directory: /
detected binary path: /usr/local/bin/uwsgi
!!! no internal routing support, rebuild with pcre support !!!
uWSGI running as root, you can use --uid/--gid/--chroot options
*** WARNING: you are running uWSGI as root !!! (use the --uid flag) *** 
your processes number limit is 3867
your memory page size is 4096 bytes
detected max file descriptor number: 1024
lock engine: pthread robust mutexes
thunder lock: disabled (you can enable it with --thunder-lock)
uwsgi socket 0 bound to UNIX address /home/webapp/uwsgi.sock fd 3
Python version: 2.7.3 (default, Sep 26 2013, 20:13:52)  [GCC 4.6.3]
*** Python threads support is disabled. You can enable it with --enable-threads ***
Python main interpreter initialized at 0x22b1140
your server socket listen backlog is limited to 100 connections
your mercy for graceful operations on workers is 60 seconds
mapped 145520 bytes (142 KB) for 1 cores
*** Operational MODE: single process ***
added /home/webapp/ to pythonpath.
WSGI app 0 (mountpoint='') ready in 0 seconds on interpreter 0x22b1140 pid: 140 (default app)
mountpoint  already configured. skip.
*** uWSGI is running in multiple interpreter mode ***
spawned uWSGI master process (pid: 140)
spawned uWSGI worker 1 (pid: 146, cores: 1)
Traceback (most recent call last):
  File "/usr/lib/python2.7/dist-packages/flask/app.py", line 1518, in __call__
    return self.wsgi_app(environ, start_response)
  File "/usr/lib/python2.7/dist-packages/flask/app.py", line 1506, in wsgi_app
    response = self.make_response(self.handle_exception(e))
  File "/usr/lib/python2.7/dist-packages/flask/app.py", line 1504, in wsgi_app
    response = self.full_dispatch_request()
  File "/usr/lib/python2.7/dist-packages/flask/app.py", line 1264, in full_dispatch_request
    rv = self.handle_user_exception(e)
  File "/usr/lib/python2.7/dist-packages/flask/app.py", line 1262, in full_dispatch_request
    rv = self.dispatch_request()
  File "/usr/lib/python2.7/dist-packages/flask/app.py", line 1248, in dispatch_request
    return self.view_functions[rule.endpoint](**req.view_args)
  File "/home/webapp/pages/views.py", line 10, in index
    return render_template('pages/index.html')
  File "/usr/lib/python2.7/dist-packages/flask/templating.py", line 123, in render_template
    context, ctx.app)
  File "/usr/lib/python2.7/dist-packages/flask/templating.py", line 107, in _render
    rv = template.render(context)
  File "/usr/lib/python2.7/dist-packages/jinja2/environment.py", line 894, in render
    return self.environment.handle_exception(exc_info, True)
  File "/home/webapp/templates/pages/index.html", line 1, in top-level template code
    {% extends 'base.html' %}
  File "/home/webapp/templates/base.html", line 71, in top-level template code
    <a href="{{ url_for('accounts_app.login') }}">
  File "/usr/lib/python2.7/dist-packages/flask/helpers.py", line 208, in url_for
    return ctx.url_adapter.build(endpoint, values, force_external=external)
  File "/usr/lib/python2.7/dist-packages/werkzeug/routing.py", line 1605, in build
    raise BuildError(endpoint, values, method)
werkzeug.routing.BuildError: ('accounts_app.login', {}, None)
[pid: 146|app: 0|req: 1/1] 71.202.138.82 () {44 vars in 732 bytes} [Sat Jan 25 08:36:10 2014] GET / => generated 0 bytes in 89 msecs (HTTP/1.1 500) 0 headers in 0 bytes (0 switches on core 0)
*** Starting uWSGI 2.0 (64bit) on [Sat Jan 25 08:36:37 2014] ***
compiled with version: 4.6.3 on 25 January 2014 02:49:01
os: Linux-3.8.0-19-generic #30-Ubuntu SMP Wed May 1 16:35:23 UTC 2013
nodename: bc56cd150947
machine: x86_64
clock source: unix
detected number of CPU cores: 1
current working directory: /
detected binary path: /usr/local/bin/uwsgi
!!! no internal routing support, rebuild with pcre support !!!
uWSGI running as root, you can use --uid/--gid/--chroot options
*** WARNING: you are running uWSGI as root !!! (use the --uid flag) *** 
your processes number limit is 3867
your memory page size is 4096 bytes
detected max file descriptor number: 1024
lock engine: pthread robust mutexes
thunder lock: disabled (you can enable it with --thunder-lock)
uwsgi socket 0 bound to UNIX address /home/webapp/uwsgi.sock fd 3
Python version: 2.7.3 (default, Sep 26 2013, 20:13:52)  [GCC 4.6.3]
*** Python threads support is disabled. You can enable it with --enable-threads ***
Python main interpreter initialized at 0x1687140
your server socket listen backlog is limited to 100 connections
your mercy for graceful operations on workers is 60 seconds
mapped 145520 bytes (142 KB) for 1 cores
*** Operational MODE: single process ***
added /home/webapp/ to pythonpath.
WSGI app 0 (mountpoint='') ready in 0 seconds on interpreter 0x1687140 pid: 154 (default app)
mountpoint  already configured. skip.
*** uWSGI is running in multiple interpreter mode ***
spawned uWSGI master process (pid: 154)
spawned uWSGI worker 1 (pid: 160, cores: 1)
Traceback (most recent call last):
  File "/usr/lib/python2.7/dist-packages/flask/app.py", line 1518, in __call__
    return self.wsgi_app(environ, start_response)
  File "/usr/lib/python2.7/dist-packages/flask/app.py", line 1506, in wsgi_app
    response = self.make_response(self.handle_exception(e))
  File "/usr/lib/python2.7/dist-packages/flask/app.py", line 1504, in wsgi_app
    response = self.full_dispatch_request()
  File "/usr/lib/python2.7/dist-packages/flask/app.py", line 1264, in full_dispatch_request
    rv = self.handle_user_exception(e)
  File "/usr/lib/python2.7/dist-packages/flask/app.py", line 1262, in full_dispatch_request
    rv = self.dispatch_request()
  File "/usr/lib/python2.7/dist-packages/flask/app.py", line 1248, in dispatch_request
    return self.view_functions[rule.endpoint](**req.view_args)
  File "/home/webapp/pages/views.py", line 10, in index
    return render_template('pages/index.html')
  File "/usr/lib/python2.7/dist-packages/flask/templating.py", line 123, in render_template
    context, ctx.app)
  File "/usr/lib/python2.7/dist-packages/flask/templating.py", line 107, in _render
    rv = template.render(context)
  File "/usr/lib/python2.7/dist-packages/jinja2/environment.py", line 894, in render
    return self.environment.handle_exception(exc_info, True)
  File "/home/webapp/templates/pages/index.html", line 1, in top-level template code
    {% extends 'base.html' %}
  File "/home/webapp/templates/base.html", line 71, in top-level template code
    <a href="{{ url_for('accounts_app.login') }}">
  File "/usr/lib/python2.7/dist-packages/flask/helpers.py", line 208, in url_for
    return ctx.url_adapter.build(endpoint, values, force_external=external)
  File "/usr/lib/python2.7/dist-packages/werkzeug/routing.py", line 1605, in build
    raise BuildError(endpoint, values, method)
werkzeug.routing.BuildError: ('accounts_app.login', {}, None)
[pid: 160|app: 0|req: 1/1] 71.202.138.82 () {44 vars in 732 bytes} [Sat Jan 25 08:36:54 2014] GET / => generated 0 bytes in 46 msecs (HTTP/1.1 500) 0 headers in 0 bytes (0 switches on core 0)
Sat Jan 25 08:37:19 2014 - *** /home/webapp has been touched... grace them all !!! ***
...gracefully killing workers...
Gracefully killing worker 1 (pid: 160)...
worker 1 buried after 1 seconds
binary reloading uWSGI...
chdir() to /
closing all non-uwsgi socket fds > 2 (max_fd = 1024)...
found fd 3 mapped to socket 0 (/home/webapp/uwsgi.sock)
running /usr/local/bin/uwsgi
*** Starting uWSGI 2.0 (64bit) on [Sat Jan 25 08:37:20 2014] ***
compiled with version: 4.6.3 on 25 January 2014 02:49:01
os: Linux-3.8.0-19-generic #30-Ubuntu SMP Wed May 1 16:35:23 UTC 2013
nodename: bc56cd150947
machine: x86_64
clock source: unix
detected number of CPU cores: 1
current working directory: /
detected binary path: /usr/local/bin/uwsgi
!!! no internal routing support, rebuild with pcre support !!!
uWSGI running as root, you can use --uid/--gid/--chroot options
*** WARNING: you are running uWSGI as root !!! (use the --uid flag) *** 
your processes number limit is 3867
your memory page size is 4096 bytes
detected max file descriptor number: 1024
lock engine: pthread robust mutexes
thunder lock: disabled (you can enable it with --thunder-lock)
uwsgi socket 0 inherited UNIX address /home/webapp/uwsgi.sock fd 3
Python version: 2.7.3 (default, Sep 26 2013, 20:13:52)  [GCC 4.6.3]
*** Python threads support is disabled. You can enable it with --enable-threads ***
Python main interpreter initialized at 0x95a030
your server socket listen backlog is limited to 100 connections
your mercy for graceful operations on workers is 60 seconds
mapped 145520 bytes (142 KB) for 1 cores
*** Operational MODE: single process ***
added /home/webapp/ to pythonpath.
WSGI app 0 (mountpoint='') ready in 1 seconds on interpreter 0x95a030 pid: 154 (default app)
mountpoint  already configured. skip.
*** uWSGI is running in multiple interpreter mode ***
gracefully (RE)spawned uWSGI master process (pid: 154)
spawned uWSGI worker 1 (pid: 169, cores: 1)
Sat Jan 25 08:37:29 2014 - *** /home/webapp has been touched... grace them all !!! ***
...gracefully killing workers...
Gracefully killing worker 1 (pid: 169)...
worker 1 buried after 1 seconds
binary reloading uWSGI...
chdir() to /
closing all non-uwsgi socket fds > 2 (max_fd = 1024)...
found fd 3 mapped to socket 0 (/home/webapp/uwsgi.sock)
running /usr/local/bin/uwsgi
*** Starting uWSGI 2.0 (64bit) on [Sat Jan 25 08:37:30 2014] ***
compiled with version: 4.6.3 on 25 January 2014 02:49:01
os: Linux-3.8.0-19-generic #30-Ubuntu SMP Wed May 1 16:35:23 UTC 2013
nodename: bc56cd150947
machine: x86_64
clock source: unix
detected number of CPU cores: 1
current working directory: /
detected binary path: /usr/local/bin/uwsgi
!!! no internal routing support, rebuild with pcre support !!!
uWSGI running as root, you can use --uid/--gid/--chroot options
*** WARNING: you are running uWSGI as root !!! (use the --uid flag) *** 
your processes number limit is 3867
your memory page size is 4096 bytes
detected max file descriptor number: 1024
lock engine: pthread robust mutexes
thunder lock: disabled (you can enable it with --thunder-lock)
uwsgi socket 0 inherited UNIX address /home/webapp/uwsgi.sock fd 3
Python version: 2.7.3 (default, Sep 26 2013, 20:13:52)  [GCC 4.6.3]
*** Python threads support is disabled. You can enable it with --enable-threads ***
Python main interpreter initialized at 0x1a03030
your server socket listen backlog is limited to 100 connections
your mercy for graceful operations on workers is 60 seconds
mapped 145520 bytes (142 KB) for 1 cores
*** Operational MODE: single process ***
added /home/webapp/ to pythonpath.
WSGI app 0 (mountpoint='') ready in 0 seconds on interpreter 0x1a03030 pid: 154 (default app)
mountpoint  already configured. skip.
*** uWSGI is running in multiple interpreter mode ***
gracefully (RE)spawned uWSGI master process (pid: 154)
spawned uWSGI worker 1 (pid: 175, cores: 1)
[pid: 175|app: 0|req: 1/1] 71.202.138.82 () {44 vars in 732 bytes} [Sat Jan 25 08:37:34 2014] GET / => generated 2611 bytes in 62 msecs (HTTP/1.1 200) 2 headers in 81 bytes (1 switches on core 0)
[pid: 175|app: 0|req: 2/2] 71.202.138.82 () {44 vars in 744 bytes} [Sat Jan 25 08:37:42 2014] GET /about/ => generated 2605 bytes in 6 msecs (HTTP/1.1 200) 2 headers in 81 bytes (1 switches on core 0)
[pid: 175|app: 0|req: 3/3] 71.202.138.82 () {44 vars in 738 bytes} [Sat Jan 25 08:37:55 2014] GET / => generated 2611 bytes in 1 msecs (HTTP/1.1 200) 2 headers in 81 bytes (1 switches on core 0)
[pid: 175|app: 0|req: 4/4] 71.202.138.82 () {44 vars in 744 bytes} [Sat Jan 25 08:37:58 2014] GET /login/ => generated 4116 bytes in 591 msecs (HTTP/1.1 200) 3 headers in 227 bytes (1 switches on core 0)
[pid: 175|app: 0|req: 5/5] 71.202.138.82 () {46 vars in 881 bytes} [Sat Jan 25 08:38:10 2014] GET /signup/ => generated 3467 bytes in 11 msecs (HTTP/1.1 200) 2 headers in 81 bytes (1 switches on core 0)
Traceback (most recent call last):
  File "/usr/lib/python2.7/dist-packages/flask/app.py", line 1518, in __call__
    return self.wsgi_app(environ, start_response)
  File "/usr/lib/python2.7/dist-packages/flask/app.py", line 1506, in wsgi_app
    response = self.make_response(self.handle_exception(e))
  File "/usr/lib/python2.7/dist-packages/flask/app.py", line 1504, in wsgi_app
    response = self.full_dispatch_request()
  File "/usr/lib/python2.7/dist-packages/flask/app.py", line 1264, in full_dispatch_request
    rv = self.handle_user_exception(e)
  File "/usr/lib/python2.7/dist-packages/flask/app.py", line 1262, in full_dispatch_request
    rv = self.dispatch_request()
  File "/usr/lib/python2.7/dist-packages/flask/app.py", line 1248, in dispatch_request
    return self.view_functions[rule.endpoint](**req.view_args)
  File "/home/webapp/accounts/views.py", line 51, in signup
    form.save()
  File "/home/webapp/accounts/forms.py", line 96, in save
    mail.send(msg)
  File "/usr/local/lib/python2.7/dist-packages/flask_mail.py", line 415, in send
    with self.connect() as connection:
  File "/usr/local/lib/python2.7/dist-packages/flask_mail.py", line 123, in __enter__
    self.host = self.configure_host()
  File "/usr/local/lib/python2.7/dist-packages/flask_mail.py", line 137, in configure_host
    host = smtplib.SMTP(self.mail.server, self.mail.port)
  File "/usr/lib/python2.7/smtplib.py", line 249, in __init__
    (code, msg) = self.connect(host, port)
  File "/usr/lib/python2.7/smtplib.py", line 309, in connect
    self.sock = self._get_socket(host, port, self.timeout)
  File "/usr/lib/python2.7/smtplib.py", line 284, in _get_socket
    return socket.create_connection((port, host), timeout)
  File "/usr/lib/python2.7/socket.py", line 571, in create_connection
    raise err
socket.error: [Errno 111] Connection refused
[pid: 175|app: 0|req: 6/6] 71.202.138.82 () {52 vars in 1036 bytes} [Sat Jan 25 08:38:18 2014] POST /signup/ => generated 0 bytes in 620 msecs (HTTP/1.1 500) 0 headers in 0 bytes (0 switches on core 0)
[pid: 175|app: 0|req: 7/7] 71.202.138.82 () {44 vars in 822 bytes} [Sat Jan 25 08:38:40 2014] GET / => generated 2611 bytes in 3 msecs (HTTP/1.1 200) 2 headers in 81 bytes (1 switches on core 0)
Sat Jan 25 08:39:05 2014 - *** /home/webapp has been touched... grace them all !!! ***
...gracefully killing workers...
Gracefully killing worker 1 (pid: 175)...
worker 1 buried after 1 seconds
binary reloading uWSGI...
chdir() to /
closing all non-uwsgi socket fds > 2 (max_fd = 1024)...
found fd 3 mapped to socket 0 (/home/webapp/uwsgi.sock)
running /usr/local/bin/uwsgi
*** Starting uWSGI 2.0 (64bit) on [Sat Jan 25 08:39:06 2014] ***
compiled with version: 4.6.3 on 25 January 2014 02:49:01
os: Linux-3.8.0-19-generic #30-Ubuntu SMP Wed May 1 16:35:23 UTC 2013
nodename: bc56cd150947
machine: x86_64
clock source: unix
detected number of CPU cores: 1
current working directory: /
detected binary path: /usr/local/bin/uwsgi
!!! no internal routing support, rebuild with pcre support !!!
uWSGI running as root, you can use --uid/--gid/--chroot options
*** WARNING: you are running uWSGI as root !!! (use the --uid flag) *** 
your processes number limit is 3867
your memory page size is 4096 bytes
detected max file descriptor number: 1024
lock engine: pthread robust mutexes
thunder lock: disabled (you can enable it with --thunder-lock)
uwsgi socket 0 inherited UNIX address /home/webapp/uwsgi.sock fd 3
Python version: 2.7.3 (default, Sep 26 2013, 20:13:52)  [GCC 4.6.3]
*** Python threads support is disabled. You can enable it with --enable-threads ***
Python main interpreter initialized at 0x2111030
your server socket listen backlog is limited to 100 connections
your mercy for graceful operations on workers is 60 seconds
mapped 145520 bytes (142 KB) for 1 cores
*** Operational MODE: single process ***
added /home/webapp/ to pythonpath.
WSGI app 0 (mountpoint='') ready in 0 seconds on interpreter 0x2111030 pid: 154 (default app)
mountpoint  already configured. skip.
*** uWSGI is running in multiple interpreter mode ***
gracefully (RE)spawned uWSGI master process (pid: 154)
spawned uWSGI worker 1 (pid: 182, cores: 1)
Sat Jan 25 08:39:10 2014 - *** /home/webapp has been touched... grace them all !!! ***
...gracefully killing workers...
Gracefully killing worker 1 (pid: 182)...
worker 1 buried after 1 seconds
binary reloading uWSGI...
chdir() to /
closing all non-uwsgi socket fds > 2 (max_fd = 1024)...
found fd 3 mapped to socket 0 (/home/webapp/uwsgi.sock)
running /usr/local/bin/uwsgi
*** Starting uWSGI 2.0 (64bit) on [Sat Jan 25 08:39:11 2014] ***
compiled with version: 4.6.3 on 25 January 2014 02:49:01
os: Linux-3.8.0-19-generic #30-Ubuntu SMP Wed May 1 16:35:23 UTC 2013
nodename: bc56cd150947
machine: x86_64
clock source: unix
detected number of CPU cores: 1
current working directory: /
detected binary path: /usr/local/bin/uwsgi
!!! no internal routing support, rebuild with pcre support !!!
uWSGI running as root, you can use --uid/--gid/--chroot options
*** WARNING: you are running uWSGI as root !!! (use the --uid flag) *** 
your processes number limit is 3867
your memory page size is 4096 bytes
detected max file descriptor number: 1024
lock engine: pthread robust mutexes
thunder lock: disabled (you can enable it with --thunder-lock)
uwsgi socket 0 inherited UNIX address /home/webapp/uwsgi.sock fd 3
Python version: 2.7.3 (default, Sep 26 2013, 20:13:52)  [GCC 4.6.3]
*** Python threads support is disabled. You can enable it with --enable-threads ***
Python main interpreter initialized at 0xdb3030
your server socket listen backlog is limited to 100 connections
your mercy for graceful operations on workers is 60 seconds
mapped 145520 bytes (142 KB) for 1 cores
*** Operational MODE: single process ***
added /home/webapp/ to pythonpath.
WSGI app 0 (mountpoint='') ready in 0 seconds on interpreter 0xdb3030 pid: 154 (default app)
mountpoint  already configured. skip.
*** uWSGI is running in multiple interpreter mode ***
gracefully (RE)spawned uWSGI master process (pid: 154)
spawned uWSGI worker 1 (pid: 188, cores: 1)
Sat Jan 25 08:39:21 2014 - *** /home/webapp has been touched... grace them all !!! ***
...gracefully killing workers...
Gracefully killing worker 1 (pid: 188)...
worker 1 buried after 1 seconds
binary reloading uWSGI...
chdir() to /
closing all non-uwsgi socket fds > 2 (max_fd = 1024)...
found fd 3 mapped to socket 0 (/home/webapp/uwsgi.sock)
running /usr/local/bin/uwsgi
*** Starting uWSGI 2.0 (64bit) on [Sat Jan 25 08:39:22 2014] ***
compiled with version: 4.6.3 on 25 January 2014 02:49:01
os: Linux-3.8.0-19-generic #30-Ubuntu SMP Wed May 1 16:35:23 UTC 2013
nodename: bc56cd150947
machine: x86_64
clock source: unix
detected number of CPU cores: 1
current working directory: /
detected binary path: /usr/local/bin/uwsgi
!!! no internal routing support, rebuild with pcre support !!!
uWSGI running as root, you can use --uid/--gid/--chroot options
*** WARNING: you are running uWSGI as root !!! (use the --uid flag) *** 
your processes number limit is 3867
your memory page size is 4096 bytes
detected max file descriptor number: 1024
lock engine: pthread robust mutexes
thunder lock: disabled (you can enable it with --thunder-lock)
uwsgi socket 0 inherited UNIX address /home/webapp/uwsgi.sock fd 3
Python version: 2.7.3 (default, Sep 26 2013, 20:13:52)  [GCC 4.6.3]
*** Python threads support is disabled. You can enable it with --enable-threads ***
Python main interpreter initialized at 0x109e030
your server socket listen backlog is limited to 100 connections
your mercy for graceful operations on workers is 60 seconds
mapped 145520 bytes (142 KB) for 1 cores
*** Operational MODE: single process ***
added /home/webapp/ to pythonpath.
WSGI app 0 (mountpoint='') ready in 0 seconds on interpreter 0x109e030 pid: 154 (default app)
mountpoint  already configured. skip.
*** uWSGI is running in multiple interpreter mode ***
gracefully (RE)spawned uWSGI master process (pid: 154)
spawned uWSGI worker 1 (pid: 194, cores: 1)
Sat Jan 25 08:41:04 2014 - *** /home/webapp has been touched... grace them all !!! ***
...gracefully killing workers...
Gracefully killing worker 1 (pid: 194)...
worker 1 buried after 1 seconds
binary reloading uWSGI...
chdir() to /
closing all non-uwsgi socket fds > 2 (max_fd = 1024)...
found fd 3 mapped to socket 0 (/home/webapp/uwsgi.sock)
running /usr/local/bin/uwsgi
*** Starting uWSGI 2.0 (64bit) on [Sat Jan 25 08:41:05 2014] ***
compiled with version: 4.6.3 on 25 January 2014 02:49:01
os: Linux-3.8.0-19-generic #30-Ubuntu SMP Wed May 1 16:35:23 UTC 2013
nodename: bc56cd150947
machine: x86_64
clock source: unix
detected number of CPU cores: 1
current working directory: /
detected binary path: /usr/local/bin/uwsgi
!!! no internal routing support, rebuild with pcre support !!!
uWSGI running as root, you can use --uid/--gid/--chroot options
*** WARNING: you are running uWSGI as root !!! (use the --uid flag) *** 
your processes number limit is 3867
your memory page size is 4096 bytes
detected max file descriptor number: 1024
lock engine: pthread robust mutexes
thunder lock: disabled (you can enable it with --thunder-lock)
uwsgi socket 0 inherited UNIX address /home/webapp/uwsgi.sock fd 3
Python version: 2.7.3 (default, Sep 26 2013, 20:13:52)  [GCC 4.6.3]
*** Python threads support is disabled. You can enable it with --enable-threads ***
Python main interpreter initialized at 0x1328030
your server socket listen backlog is limited to 100 connections
your mercy for graceful operations on workers is 60 seconds
mapped 145520 bytes (142 KB) for 1 cores
*** Operational MODE: single process ***
added /home/webapp/ to pythonpath.
WSGI app 0 (mountpoint='') ready in 0 seconds on interpreter 0x1328030 pid: 154 (default app)
mountpoint  already configured. skip.
*** uWSGI is running in multiple interpreter mode ***
gracefully (RE)spawned uWSGI master process (pid: 154)
spawned uWSGI worker 1 (pid: 200, cores: 1)
[pid: 200|app: 0|req: 1/1] 71.202.138.82 () {44 vars in 822 bytes} [Sat Jan 25 08:42:01 2014] GET / => generated 2611 bytes in 37 msecs (HTTP/1.1 200) 2 headers in 81 bytes (1 switches on core 0)
Sat Jan 25 08:44:22 2014 - *** /home/webapp has been touched... grace them all !!! ***
...gracefully killing workers...
Gracefully killing worker 1 (pid: 200)...
worker 1 buried after 1 seconds
binary reloading uWSGI...
chdir() to /
closing all non-uwsgi socket fds > 2 (max_fd = 1024)...
found fd 3 mapped to socket 0 (/home/webapp/uwsgi.sock)
running /usr/local/bin/uwsgi
*** Starting uWSGI 2.0 (64bit) on [Sat Jan 25 08:44:23 2014] ***
compiled with version: 4.6.3 on 25 January 2014 02:49:01
os: Linux-3.8.0-19-generic #30-Ubuntu SMP Wed May 1 16:35:23 UTC 2013
nodename: bc56cd150947
machine: x86_64
clock source: unix
detected number of CPU cores: 1
current working directory: /
detected binary path: /usr/local/bin/uwsgi
!!! no internal routing support, rebuild with pcre support !!!
uWSGI running as root, you can use --uid/--gid/--chroot options
*** WARNING: you are running uWSGI as root !!! (use the --uid flag) *** 
your processes number limit is 3867
your memory page size is 4096 bytes
detected max file descriptor number: 1024
lock engine: pthread robust mutexes
thunder lock: disabled (you can enable it with --thunder-lock)
uwsgi socket 0 inherited UNIX address /home/webapp/uwsgi.sock fd 3
Python version: 2.7.3 (default, Sep 26 2013, 20:13:52)  [GCC 4.6.3]
*** Python threads support is disabled. You can enable it with --enable-threads ***
Python main interpreter initialized at 0x1885030
your server socket listen backlog is limited to 100 connections
your mercy for graceful operations on workers is 60 seconds
mapped 145520 bytes (142 KB) for 1 cores
*** Operational MODE: single process ***
added /home/webapp/ to pythonpath.
WSGI app 0 (mountpoint='') ready in 0 seconds on interpreter 0x1885030 pid: 154 (default app)
mountpoint  already configured. skip.
*** uWSGI is running in multiple interpreter mode ***
gracefully (RE)spawned uWSGI master process (pid: 154)
spawned uWSGI worker 1 (pid: 206, cores: 1)
[pid: 206|app: 0|req: 1/1] 50.56.67.44 () {26 vars in 267 bytes} [Sat Jan 25 08:45:01 2014] HEAD / => generated 0 bytes in 41 msecs (HTTP/1.0 200) 2 headers in 81 bytes (0 switches on core 0)
[pid: 206|app: 0|req: 2/2] 162.243.220.100 () {34 vars in 525 bytes} [Sat Jan 25 13:09:24 2014] GET / => generated 2611 bytes in 2 msecs (HTTP/1.1 200) 2 headers in 81 bytes (1 switches on core 0)
[pid: 206|app: 0|req: 3/3] 66.249.73.141 () {40 vars in 560 bytes} [Sat Jan 25 16:26:37 2014] GET /robots.txt => generated 238 bytes in 29 msecs (HTTP/1.1 404) 2 headers in 72 bytes (1 switches on core 0)
[pid: 206|app: 0|req: 4/4] 66.249.73.141 () {38 vars in 518 bytes} [Sat Jan 25 16:26:37 2014] GET /?hg=0 => generated 2611 bytes in 2 msecs (HTTP/1.1 200) 2 headers in 81 bytes (1 switches on core 0)
[pid: 206|app: 0|req: 5/5] 66.249.73.141 () {38 vars in 521 bytes} [Sat Jan 25 16:33:48 2014] GET /about/ => generated 2605 bytes in 6 msecs (HTTP/1.1 200) 2 headers in 81 bytes (1 switches on core 0)
[pid: 206|app: 0|req: 6/6] 66.249.73.141 () {38 vars in 521 bytes} [Sat Jan 25 16:35:58 2014] GET /login/ => generated 4116 bytes in 65 msecs (HTTP/1.1 200) 3 headers in 227 bytes (1 switches on core 0)
[pid: 206|app: 0|req: 7/7] 66.249.73.141 () {38 vars in 523 bytes} [Sat Jan 25 16:40:46 2014] GET /signup/ => generated 3467 bytes in 8 msecs (HTTP/1.1 200) 3 headers in 227 bytes (1 switches on core 0)
[pid: 206|app: 0|req: 8/8] 66.249.73.141 () {38 vars in 543 bytes} [Sat Jan 25 16:43:15 2014] GET /recover-password/ => generated 3495 bytes in 8 msecs (HTTP/1.1 200) 3 headers in 227 bytes (1 switches on core 0)
[pid: 206|app: 0|req: 9/9] 180.76.5.119 () {36 vars in 471 bytes} [Sat Jan 25 18:35:35 2014] GET /robots.txt => generated 238 bytes in 1 msecs (HTTP/1.1 404) 2 headers in 72 bytes (1 switches on core 0)
[pid: 206|app: 0|req: 10/10] 5.45.72.16 () {32 vars in 446 bytes} [Sat Jan 25 20:54:01 2014] GET /components/com_content/router.php => generated 238 bytes in 1 msecs (HTTP/1.0 404) 2 headers in 72 bytes (1 switches on core 0)
[pid: 206|app: 0|req: 11/11] 5.178.86.77 () {40 vars in 677 bytes} [Sat Jan 25 21:36:33 2014] POST /azenv.php?rand=0279b4877f2f7138ea02071bd47ca41f => generated 238 bytes in 1 msecs (HTTP/1.1 404) 2 headers in 72 bytes (1 switches on core 0)
[pid: 206|app: 0|req: 12/12] 71.202.138.82 () {40 vars in 882 bytes} [Sun Jan 26 01:10:01 2014] GET / => generated 2611 bytes in 2 msecs (HTTP/1.1 200) 2 headers in 81 bytes (1 switches on core 0)
Sun Jan 26 01:32:38 2014 - *** /home/webapp has been touched... grace them all !!! ***
...gracefully killing workers...
Gracefully killing worker 1 (pid: 206)...
worker 1 buried after 1 seconds
binary reloading uWSGI...
chdir() to /
closing all non-uwsgi socket fds > 2 (max_fd = 1024)...
found fd 3 mapped to socket 0 (/home/webapp/uwsgi.sock)
running /usr/local/bin/uwsgi
*** Starting uWSGI 2.0 (64bit) on [Sun Jan 26 01:32:39 2014] ***
compiled with version: 4.6.3 on 25 January 2014 02:49:01
os: Linux-3.8.0-19-generic #30-Ubuntu SMP Wed May 1 16:35:23 UTC 2013
nodename: bc56cd150947
machine: x86_64
clock source: unix
detected number of CPU cores: 1
current working directory: /
detected binary path: /usr/local/bin/uwsgi
!!! no internal routing support, rebuild with pcre support !!!
uWSGI running as root, you can use --uid/--gid/--chroot options
*** WARNING: you are running uWSGI as root !!! (use the --uid flag) *** 
your processes number limit is 3867
your memory page size is 4096 bytes
detected max file descriptor number: 1024
lock engine: pthread robust mutexes
thunder lock: disabled (you can enable it with --thunder-lock)
uwsgi socket 0 inherited UNIX address /home/webapp/uwsgi.sock fd 3
Python version: 2.7.3 (default, Sep 26 2013, 20:13:52)  [GCC 4.6.3]
*** Python threads support is disabled. You can enable it with --enable-threads ***
Python main interpreter initialized at 0x2650030
your server socket listen backlog is limited to 100 connections
your mercy for graceful operations on workers is 60 seconds
mapped 145520 bytes (142 KB) for 1 cores
*** Operational MODE: single process ***
added /home/webapp/ to pythonpath.
WSGI app 0 (mountpoint='') ready in 0 seconds on interpreter 0x2650030 pid: 154 (default app)
mountpoint  already configured. skip.
*** uWSGI is running in multiple interpreter mode ***
gracefully (RE)spawned uWSGI master process (pid: 154)
spawned uWSGI worker 1 (pid: 263, cores: 1)
[pid: 263|app: 0|req: 1/1] 213.236.219.146 () {28 vars in 300 bytes} [Sun Jan 26 03:55:02 2014] HEAD / => generated 0 bytes in 72 msecs (HTTP/1.0 200) 2 headers in 81 bytes (0 switches on core 0)
[pid: 263|app: 0|req: 2/2] 193.43.252.252 () {32 vars in 383 bytes} [Sun Jan 26 06:33:13 2014] GET / => generated 2611 bytes in 2 msecs (HTTP/1.0 200) 2 headers in 81 bytes (1 switches on core 0)
[pid: 263|app: 0|req: 3/3] 107.170.28.92 () {34 vars in 523 bytes} [Sun Jan 26 08:15:19 2014] GET / => generated 2611 bytes in 49 msecs (HTTP/1.1 200) 2 headers in 81 bytes (1 switches on core 0)
[pid: 263|app: 0|req: 4/4] 71.202.138.82 () {40 vars in 882 bytes} [Sun Jan 26 08:41:30 2014] GET / => generated 2611 bytes in 2 msecs (HTTP/1.1 200) 2 headers in 81 bytes (1 switches on core 0)
[pid: 263|app: 0|req: 5/5] 71.202.138.82 () {42 vars in 933 bytes} [Sun Jan 26 08:41:41 2014] GET /about/ => generated 2605 bytes in 8 msecs (HTTP/1.1 200) 2 headers in 81 bytes (1 switches on core 0)
[pid: 263|app: 0|req: 6/6] 71.202.138.82 () {42 vars in 927 bytes} [Sun Jan 26 08:41:43 2014] GET / => generated 2611 bytes in 3 msecs (HTTP/1.1 200) 2 headers in 81 bytes (1 switches on core 0)
[pid: 263|app: 0|req: 7/7] 71.202.138.82 () {42 vars in 933 bytes} [Sun Jan 26 08:41:45 2014] GET /about/ => generated 2605 bytes in 2 msecs (HTTP/1.1 200) 2 headers in 81 bytes (1 switches on core 0)
[pid: 263|app: 0|req: 8/8] 71.202.138.82 () {42 vars in 927 bytes} [Sun Jan 26 08:41:47 2014] GET / => generated 2611 bytes in 2 msecs (HTTP/1.1 200) 2 headers in 81 bytes (1 switches on core 0)
[pid: 263|app: 0|req: 9/9] 71.202.138.82 () {44 vars in 958 bytes} [Sun Jan 26 08:42:17 2014] GET / => generated 2611 bytes in 2 msecs (HTTP/1.1 200) 2 headers in 81 bytes (1 switches on core 0)
[pid: 263|app: 0|req: 10/10] 71.202.138.82 () {42 vars in 933 bytes} [Sun Jan 26 08:42:20 2014] GET /about/ => generated 2605 bytes in 2 msecs (HTTP/1.1 200) 2 headers in 81 bytes (1 switches on core 0)
[pid: 263|app: 0|req: 11/11] 71.202.138.82 () {42 vars in 927 bytes} [Sun Jan 26 08:42:23 2014] GET / => generated 2611 bytes in 2 msecs (HTTP/1.1 200) 2 headers in 81 bytes (1 switches on core 0)
[pid: 263|app: 0|req: 12/12] 71.202.138.82 () {42 vars in 933 bytes} [Sun Jan 26 08:42:26 2014] GET /login/ => generated 4116 bytes in 89 msecs (HTTP/1.1 200) 3 headers in 227 bytes (1 switches on core 0)
[pid: 263|app: 0|req: 13/13] 71.202.138.82 () {42 vars in 905 bytes} [Sun Jan 26 08:42:28 2014] GET /signup/ => generated 3467 bytes in 12 msecs (HTTP/1.1 200) 2 headers in 81 bytes (1 switches on core 0)
[pid: 263|app: 0|req: 14/14] 71.202.138.82 () {42 vars in 892 bytes} [Sun Jan 26 08:42:30 2014] GET / => generated 2611 bytes in 2 msecs (HTTP/1.1 200) 2 headers in 81 bytes (1 switches on core 0)
[pid: 263|app: 0|req: 15/15] 71.202.138.82 () {42 vars in 885 bytes} [Sun Jan 26 08:42:32 2014] GET / => generated 2611 bytes in 2 msecs (HTTP/1.1 200) 2 headers in 81 bytes (1 switches on core 0)
[pid: 263|app: 0|req: 16/16] 71.202.138.82 () {42 vars in 885 bytes} [Sun Jan 26 08:42:33 2014] GET / => generated 2611 bytes in 2 msecs (HTTP/1.1 200) 2 headers in 81 bytes (1 switches on core 0)
[pid: 263|app: 0|req: 17/17] 71.202.138.82 () {42 vars in 885 bytes} [Sun Jan 26 08:42:34 2014] GET / => generated 2611 bytes in 2 msecs (HTTP/1.1 200) 2 headers in 81 bytes (1 switches on core 0)
[pid: 263|app: 0|req: 18/18] 71.202.138.82 () {42 vars in 885 bytes} [Sun Jan 26 08:42:35 2014] GET / => generated 2611 bytes in 2 msecs (HTTP/1.1 200) 2 headers in 81 bytes (1 switches on core 0)
[pid: 263|app: 0|req: 19/19] 192.241.145.170 () {34 vars in 525 bytes} [Sun Jan 26 09:03:30 2014] GET / => generated 2611 bytes in 2 msecs (HTTP/1.1 200) 2 headers in 81 bytes (1 switches on core 0)
[pid: 263|app: 0|req: 20/20] 5.178.86.77 () {40 vars in 677 bytes} [Sun Jan 26 09:52:00 2014] POST /azenv.php?rand=3f196d1e14ad5316d1eaabca6ad2f20b => generated 238 bytes in 38 msecs (HTTP/1.1 404) 2 headers in 72 bytes (1 switches on core 0)
[pid: 263|app: 0|req: 21/21] 2.92.48.111 () {32 vars in 447 bytes} [Sun Jan 26 11:48:06 2014] GET /components/com_content/router.php => generated 238 bytes in 0 msecs (HTTP/1.0 404) 2 headers in 72 bytes (1 switches on core 0)
[pid: 263|app: 0|req: 22/22] 66.249.73.141 () {40 vars in 560 bytes} [Sun Jan 26 14:46:29 2014] GET /robots.txt => generated 238 bytes in 1 msecs (HTTP/1.1 404) 2 headers in 72 bytes (1 switches on core 0)
[pid: 263|app: 0|req: 23/23] 66.249.73.141 () {38 vars in 640 bytes} [Sun Jan 26 14:46:29 2014] GET / => generated 2611 bytes in 2 msecs (HTTP/1.1 200) 2 headers in 81 bytes (1 switches on core 0)
[pid: 263|app: 0|req: 24/24] 91.188.124.232 () {36 vars in 477 bytes} [Sun Jan 26 14:55:02 2014] GET /sprawdza.php => generated 238 bytes in 0 msecs (HTTP/1.1 404) 2 headers in 72 bytes (1 switches on core 0)
[pid: 263|app: 0|req: 25/25] 222.186.56.8 () {36 vars in 475 bytes} [Sun Jan 26 15:08:38 2014] GET /manager/html => generated 238 bytes in 1 msecs (HTTP/1.1 404) 2 headers in 72 bytes (1 switches on core 0)
[pid: 263|app: 0|req: 26/26] 198.20.69.74 () {30 vars in 327 bytes} [Sun Jan 26 15:37:35 2014] GET / => generated 2611 bytes in 2 msecs (HTTP/1.1 200) 2 headers in 81 bytes (1 switches on core 0)
[pid: 263|app: 0|req: 27/27] 198.20.69.74 () {30 vars in 347 bytes} [Sun Jan 26 15:37:35 2014] GET /robots.txt => generated 238 bytes in 1 msecs (HTTP/1.1 404) 2 headers in 72 bytes (1 switches on core 0)
[pid: 263|app: 0|req: 28/28] 71.202.138.82 () {44 vars in 916 bytes} [Sun Jan 26 19:12:34 2014] GET / => generated 2611 bytes in 3 msecs (HTTP/1.1 200) 2 headers in 81 bytes (1 switches on core 0)
[pid: 263|app: 0|req: 29/29] 192.34.60.77 () {36 vars in 455 bytes} [Sun Jan 26 19:21:33 2014] GET / => generated 2611 bytes in 2 msecs (HTTP/1.1 200) 2 headers in 81 bytes (1 switches on core 0)
[pid: 263|app: 0|req: 30/30] 5.39.72.197 () {38 vars in 597 bytes} [Sun Jan 26 20:15:59 2014] GET /wp-admin/install.php => generated 238 bytes in 0 msecs (HTTP/1.1 404) 2 headers in 72 bytes (1 switches on core 0)
[pid: 263|app: 0|req: 31/31] 109.200.159.118 () {36 vars in 746 bytes} [Sun Jan 26 22:05:07 2014] GET / => generated 2611 bytes in 2 msecs (HTTP/1.0 200) 2 headers in 81 bytes (1 switches on core 0)
[pid: 263|app: 0|req: 32/32] 109.200.159.118 () {36 vars in 693 bytes} [Sun Jan 26 22:05:07 2014] GET / => generated 2611 bytes in 2 msecs (HTTP/1.0 200) 2 headers in 81 bytes (1 switches on core 0)
[pid: 263|app: 0|req: 33/33] 109.200.159.118 () {36 vars in 726 bytes} [Sun Jan 26 22:05:07 2014] GET / => generated 2611 bytes in 2 msecs (HTTP/1.0 200) 2 headers in 81 bytes (1 switches on core 0)
[pid: 263|app: 0|req: 34/34] 109.200.159.118 () {36 vars in 720 bytes} [Sun Jan 26 22:05:08 2014] GET / => generated 2611 bytes in 3 msecs (HTTP/1.0 200) 2 headers in 81 bytes (1 switches on core 0)
[pid: 263|app: 0|req: 35/35] 71.202.138.82 () {44 vars in 916 bytes} [Mon Jan 27 00:20:09 2014] GET / => generated 2611 bytes in 5 msecs (HTTP/1.1 200) 2 headers in 81 bytes (1 switches on core 0)
*** Starting uWSGI 2.0 (64bit) on [Mon Jan 27 03:44:48 2014] ***
compiled with version: 4.6.3 on 27 January 2014 03:28:36
os: Linux-3.8.0-19-generic #30-Ubuntu SMP Wed May 1 16:35:23 UTC 2013
nodename: c0f1009d2e57
machine: x86_64
clock source: unix
detected number of CPU cores: 1
current working directory: /
detected binary path: /usr/local/bin/uwsgi
!!! no internal routing support, rebuild with pcre support !!!
uWSGI running as root, you can use --uid/--gid/--chroot options
*** WARNING: you are running uWSGI as root !!! (use the --uid flag) *** 
your processes number limit is 3867
your memory page size is 4096 bytes
detected max file descriptor number: 1024
lock engine: pthread robust mutexes
thunder lock: disabled (you can enable it with --thunder-lock)
uwsgi socket 0 bound to UNIX address /home/webapp/uwsgi.sock fd 3
Python version: 2.7.3 (default, Sep 26 2013, 20:13:52)  [GCC 4.6.3]
*** Python threads support is disabled. You can enable it with --enable-threads ***
Python main interpreter initialized at 0x1791140
your server socket listen backlog is limited to 100 connections
your mercy for graceful operations on workers is 60 seconds
mapped 145520 bytes (142 KB) for 1 cores
*** Operational MODE: single process ***
added /home/webapp/ to pythonpath.
WSGI app 0 (mountpoint='') ready in 1 seconds on interpreter 0x1791140 pid: 233 (default app)
mountpoint  already configured. skip.
*** uWSGI is running in multiple interpreter mode ***
spawned uWSGI master process (pid: 233)
spawned uWSGI worker 1 (pid: 239, cores: 1)
[pid: 239|app: 0|req: 1/1] 71.202.138.82 () {44 vars in 916 bytes} [Mon Jan 27 03:45:40 2014] GET / => generated 2611 bytes in 41 msecs (HTTP/1.1 200) 2 headers in 81 bytes (1 switches on core 0)
[pid: 239|app: 0|req: 2/2] 71.202.138.82 () {44 vars in 916 bytes} [Mon Jan 27 03:45:43 2014] GET / => generated 2611 bytes in 2 msecs (HTTP/1.1 200) 2 headers in 81 bytes (1 switches on core 0)
[pid: 239|app: 0|req: 3/3] 71.202.138.82 () {44 vars in 916 bytes} [Mon Jan 27 03:45:47 2014] GET / => generated 2611 bytes in 2 msecs (HTTP/1.1 200) 2 headers in 81 bytes (1 switches on core 0)
[pid: 239|app: 0|req: 4/4] 71.202.138.82 () {44 vars in 916 bytes} [Mon Jan 27 03:45:49 2014] GET / => generated 2611 bytes in 2 msecs (HTTP/1.1 200) 2 headers in 81 bytes (1 switches on core 0)
[pid: 239|app: 0|req: 5/5] 71.202.138.82 () {44 vars in 916 bytes} [Mon Jan 27 03:45:51 2014] GET / => generated 2611 bytes in 3 msecs (HTTP/1.1 200) 2 headers in 81 bytes (1 switches on core 0)
[pid: 239|app: 0|req: 6/6] 71.202.138.82 () {44 vars in 916 bytes} [Mon Jan 27 04:51:53 2014] GET / => generated 2611 bytes in 9 msecs (HTTP/1.1 200) 2 headers in 81 bytes (1 switches on core 0)
[pid: 239|app: 0|req: 7/7] 71.202.138.82 () {44 vars in 916 bytes} [Mon Jan 27 05:02:55 2014] GET / => generated 2611 bytes in 8 msecs (HTTP/1.1 200) 2 headers in 81 bytes (1 switches on core 0)
[pid: 239|app: 0|req: 8/8] 71.202.138.82 () {40 vars in 846 bytes} [Mon Jan 27 05:57:12 2014] GET / => generated 2611 bytes in 9 msecs (HTTP/1.1 200) 2 headers in 81 bytes (1 switches on core 0)
[pid: 239|app: 0|req: 9/9] 71.202.138.82 () {40 vars in 846 bytes} [Mon Jan 27 06:01:21 2014] GET / => generated 2611 bytes in 2 msecs (HTTP/1.1 200) 2 headers in 81 bytes (1 switches on core 0)
[pid: 239|app: 0|req: 10/10] 201.22.86.36 () {42 vars in 711 bytes} [Mon Jan 27 06:47:45 2014] GET /phpmyadmin/ => generated 238 bytes in 24 msecs (HTTP/1.1 404) 2 headers in 72 bytes (1 switches on core 0)
[pid: 239|app: 0|req: 11/11] 210.210.26.41 () {34 vars in 421 bytes} [Mon Jan 27 08:29:16 2014] GET /manager/html => generated 238 bytes in 1 msecs (HTTP/1.1 404) 2 headers in 72 bytes (1 switches on core 0)
[pid: 239|app: 0|req: 12/12] 180.76.5.175 () {38 vars in 496 bytes} [Mon Jan 27 14:37:21 2014] GET / => generated 2611 bytes in 3 msecs (HTTP/1.1 200) 2 headers in 81 bytes (1 switches on core 0)
[pid: 239|app: 0|req: 13/13] 71.202.138.82 () {40 vars in 846 bytes} [Mon Jan 27 18:19:54 2014] GET / => generated 2611 bytes in 5 msecs (HTTP/1.1 200) 2 headers in 81 bytes (1 switches on core 0)
Mon Jan 27 18:29:36 2014 - *** /home/webapp has been touched... grace them all !!! ***
...gracefully killing workers...
Gracefully killing worker 1 (pid: 239)...
worker 1 buried after 1 seconds
binary reloading uWSGI...
chdir() to /
closing all non-uwsgi socket fds > 2 (max_fd = 1024)...
found fd 3 mapped to socket 0 (/home/webapp/uwsgi.sock)
running /usr/local/bin/uwsgi
*** Starting uWSGI 2.0 (64bit) on [Mon Jan 27 18:29:37 2014] ***
compiled with version: 4.6.3 on 27 January 2014 03:28:36
os: Linux-3.8.0-19-generic #30-Ubuntu SMP Wed May 1 16:35:23 UTC 2013
nodename: c0f1009d2e57
machine: x86_64
clock source: unix
detected number of CPU cores: 1
current working directory: /
detected binary path: /usr/local/bin/uwsgi
!!! no internal routing support, rebuild with pcre support !!!
uWSGI running as root, you can use --uid/--gid/--chroot options
*** WARNING: you are running uWSGI as root !!! (use the --uid flag) *** 
your processes number limit is 3867
your memory page size is 4096 bytes
detected max file descriptor number: 1024
lock engine: pthread robust mutexes
thunder lock: disabled (you can enable it with --thunder-lock)
uwsgi socket 0 inherited UNIX address /home/webapp/uwsgi.sock fd 3
Python version: 2.7.3 (default, Sep 26 2013, 20:13:52)  [GCC 4.6.3]
*** Python threads support is disabled. You can enable it with --enable-threads ***
Python main interpreter initialized at 0xc0c030
your server socket listen backlog is limited to 100 connections
your mercy for graceful operations on workers is 60 seconds
mapped 145520 bytes (142 KB) for 1 cores
*** Operational MODE: single process ***
added /home/webapp/ to pythonpath.
WSGI app 0 (mountpoint='') ready in 1 seconds on interpreter 0xc0c030 pid: 233 (default app)
mountpoint  already configured. skip.
*** uWSGI is running in multiple interpreter mode ***
gracefully (RE)spawned uWSGI master process (pid: 233)
spawned uWSGI worker 1 (pid: 373, cores: 1)
Mon Jan 27 18:29:56 2014 - *** /home/webapp has been touched... grace them all !!! ***
...gracefully killing workers...
Gracefully killing worker 1 (pid: 373)...
worker 1 buried after 1 seconds
binary reloading uWSGI...
chdir() to /
closing all non-uwsgi socket fds > 2 (max_fd = 1024)...
found fd 3 mapped to socket 0 (/home/webapp/uwsgi.sock)
running /usr/local/bin/uwsgi
*** Starting uWSGI 2.0 (64bit) on [Mon Jan 27 18:29:57 2014] ***
compiled with version: 4.6.3 on 27 January 2014 03:28:36
os: Linux-3.8.0-19-generic #30-Ubuntu SMP Wed May 1 16:35:23 UTC 2013
nodename: c0f1009d2e57
machine: x86_64
clock source: unix
detected number of CPU cores: 1
current working directory: /
detected binary path: /usr/local/bin/uwsgi
!!! no internal routing support, rebuild with pcre support !!!
uWSGI running as root, you can use --uid/--gid/--chroot options
*** WARNING: you are running uWSGI as root !!! (use the --uid flag) *** 
your processes number limit is 3867
your memory page size is 4096 bytes
detected max file descriptor number: 1024
lock engine: pthread robust mutexes
thunder lock: disabled (you can enable it with --thunder-lock)
uwsgi socket 0 inherited UNIX address /home/webapp/uwsgi.sock fd 3
Python version: 2.7.3 (default, Sep 26 2013, 20:13:52)  [GCC 4.6.3]
*** Python threads support is disabled. You can enable it with --enable-threads ***
Python main interpreter initialized at 0x1cba030
your server socket listen backlog is limited to 100 connections
your mercy for graceful operations on workers is 60 seconds
mapped 145520 bytes (142 KB) for 1 cores
*** Operational MODE: single process ***
added /home/webapp/ to pythonpath.
WSGI app 0 (mountpoint='') ready in 1 seconds on interpreter 0x1cba030 pid: 233 (default app)
mountpoint  already configured. skip.
*** uWSGI is running in multiple interpreter mode ***
gracefully (RE)spawned uWSGI master process (pid: 233)
spawned uWSGI worker 1 (pid: 379, cores: 1)
Mon Jan 27 18:37:02 2014 - *** /home/webapp has been touched... grace them all !!! ***
...gracefully killing workers...
Gracefully killing worker 1 (pid: 379)...
worker 1 buried after 1 seconds
binary reloading uWSGI...
chdir() to /
closing all non-uwsgi socket fds > 2 (max_fd = 1024)...
found fd 3 mapped to socket 0 (/home/webapp/uwsgi.sock)
running /usr/local/bin/uwsgi
*** Starting uWSGI 2.0 (64bit) on [Mon Jan 27 18:37:03 2014] ***
compiled with version: 4.6.3 on 27 January 2014 03:28:36
os: Linux-3.8.0-19-generic #30-Ubuntu SMP Wed May 1 16:35:23 UTC 2013
nodename: c0f1009d2e57
machine: x86_64
clock source: unix
detected number of CPU cores: 1
current working directory: /
detected binary path: /usr/local/bin/uwsgi
!!! no internal routing support, rebuild with pcre support !!!
uWSGI running as root, you can use --uid/--gid/--chroot options
*** WARNING: you are running uWSGI as root !!! (use the --uid flag) *** 
your processes number limit is 3867
your memory page size is 4096 bytes
detected max file descriptor number: 1024
lock engine: pthread robust mutexes
thunder lock: disabled (you can enable it with --thunder-lock)
uwsgi socket 0 inherited UNIX address /home/webapp/uwsgi.sock fd 3
Python version: 2.7.3 (default, Sep 26 2013, 20:13:52)  [GCC 4.6.3]
*** Python threads support is disabled. You can enable it with --enable-threads ***
Python main interpreter initialized at 0x160e030
your server socket listen backlog is limited to 100 connections
your mercy for graceful operations on workers is 60 seconds
mapped 145520 bytes (142 KB) for 1 cores
*** Operational MODE: single process ***
added /home/webapp/ to pythonpath.
WSGI app 0 (mountpoint='') ready in 1 seconds on interpreter 0x160e030 pid: 233 (default app)
mountpoint  already configured. skip.
*** uWSGI is running in multiple interpreter mode ***
gracefully (RE)spawned uWSGI master process (pid: 233)
spawned uWSGI worker 1 (pid: 385, cores: 1)
Mon Jan 27 18:37:13 2014 - *** /home/webapp has been touched... grace them all !!! ***
...gracefully killing workers...
Gracefully killing worker 1 (pid: 385)...
worker 1 buried after 1 seconds
binary reloading uWSGI...
chdir() to /
closing all non-uwsgi socket fds > 2 (max_fd = 1024)...
found fd 3 mapped to socket 0 (/home/webapp/uwsgi.sock)
running /usr/local/bin/uwsgi
*** Starting uWSGI 2.0 (64bit) on [Mon Jan 27 18:37:14 2014] ***
compiled with version: 4.6.3 on 27 January 2014 03:28:36
os: Linux-3.8.0-19-generic #30-Ubuntu SMP Wed May 1 16:35:23 UTC 2013
nodename: c0f1009d2e57
machine: x86_64
clock source: unix
detected number of CPU cores: 1
current working directory: /
detected binary path: /usr/local/bin/uwsgi
!!! no internal routing support, rebuild with pcre support !!!
uWSGI running as root, you can use --uid/--gid/--chroot options
*** WARNING: you are running uWSGI as root !!! (use the --uid flag) *** 
your processes number limit is 3867
your memory page size is 4096 bytes
detected max file descriptor number: 1024
lock engine: pthread robust mutexes
thunder lock: disabled (you can enable it with --thunder-lock)
uwsgi socket 0 inherited UNIX address /home/webapp/uwsgi.sock fd 3
Python version: 2.7.3 (default, Sep 26 2013, 20:13:52)  [GCC 4.6.3]
*** Python threads support is disabled. You can enable it with --enable-threads ***
Python main interpreter initialized at 0x12f4030
your server socket listen backlog is limited to 100 connections
your mercy for graceful operations on workers is 60 seconds
mapped 145520 bytes (142 KB) for 1 cores
*** Operational MODE: single process ***
added /home/webapp/ to pythonpath.
WSGI app 0 (mountpoint='') ready in 0 seconds on interpreter 0x12f4030 pid: 233 (default app)
mountpoint  already configured. skip.
*** uWSGI is running in multiple interpreter mode ***
gracefully (RE)spawned uWSGI master process (pid: 233)
spawned uWSGI worker 1 (pid: 391, cores: 1)
Mon Jan 27 18:37:37 2014 - *** /home/webapp has been touched... grace them all !!! ***
...gracefully killing workers...
Gracefully killing worker 1 (pid: 391)...
worker 1 buried after 1 seconds
binary reloading uWSGI...
chdir() to /
closing all non-uwsgi socket fds > 2 (max_fd = 1024)...
found fd 3 mapped to socket 0 (/home/webapp/uwsgi.sock)
running /usr/local/bin/uwsgi
*** Starting uWSGI 2.0 (64bit) on [Mon Jan 27 18:37:38 2014] ***
compiled with version: 4.6.3 on 27 January 2014 03:28:36
os: Linux-3.8.0-19-generic #30-Ubuntu SMP Wed May 1 16:35:23 UTC 2013
nodename: c0f1009d2e57
machine: x86_64
clock source: unix
detected number of CPU cores: 1
current working directory: /
detected binary path: /usr/local/bin/uwsgi
!!! no internal routing support, rebuild with pcre support !!!
uWSGI running as root, you can use --uid/--gid/--chroot options
*** WARNING: you are running uWSGI as root !!! (use the --uid flag) *** 
your processes number limit is 3867
your memory page size is 4096 bytes
detected max file descriptor number: 1024
lock engine: pthread robust mutexes
thunder lock: disabled (you can enable it with --thunder-lock)
uwsgi socket 0 inherited UNIX address /home/webapp/uwsgi.sock fd 3
Python version: 2.7.3 (default, Sep 26 2013, 20:13:52)  [GCC 4.6.3]
*** Python threads support is disabled. You can enable it with --enable-threads ***
Python main interpreter initialized at 0x7c9030
your server socket listen backlog is limited to 100 connections
your mercy for graceful operations on workers is 60 seconds
mapped 145520 bytes (142 KB) for 1 cores
*** Operational MODE: single process ***
added /home/webapp/ to pythonpath.
WSGI app 0 (mountpoint='') ready in 0 seconds on interpreter 0x7c9030 pid: 233 (default app)
mountpoint  already configured. skip.
*** uWSGI is running in multiple interpreter mode ***
gracefully (RE)spawned uWSGI master process (pid: 233)
spawned uWSGI worker 1 (pid: 397, cores: 1)
